/home/ken/Projects/pycog/packages/pycog/statemachine.py:22: warning: Compound statemachine::StateMachine is not documented.
/home/ken/Projects/pycog/packages/pycog/statemachine.py:154: warning: Compound statemachine::PsAndQs is not documented.
/home/ken/Projects/pycog/packages/pycog/backtrack.py:138: warning: Compound backtrack::MinimalChange is not documented.
Searching for include files...
Searching for example files...
Searching for files in directory /home/ken/Projects/pycog/doc/examples
Searching for images...
Searching for files in directory /home/ken/Projects/pycog/doc/images
Searching for dot files...
Searching for msc files...
Searching for files to exclude
Searching for files to process...
Searching for files in directory /home/ken/Projects/pycog/packages
Searching for files in directory /home/ken/Projects/pycog/packages/pycog
Searching for files in directory /home/ken/Projects/pycog/packages/pycog/__pycache__
Searching for files in directory /home/ken/Projects/pycog/packages/pycog/automata
Searching for files in directory /home/ken/Projects/pycog/packages/pycog/automata/__pycache__
Searching for files in directory /home/ken/Projects/pycog/packages/pycog/graph
Searching for files in directory /home/ken/Projects/pycog/doc/main
Searching for files in directory /home/ken/Projects/pycog/doc/main/graph
Reading and parsing tag files
Reading /home/ken/Projects/pycog/packages/pycog/automata/__init__.py...
Parsing file /home/ken/Projects/pycog/packages/pycog/automata/__init__.py...
Reading /home/ken/Projects/pycog/packages/pycog/automata/indexedtape.py...
Parsing file /home/ken/Projects/pycog/packages/pycog/automata/indexedtape.py...
Reading /home/ken/Projects/pycog/packages/pycog/automata/tape.py...
Parsing file /home/ken/Projects/pycog/packages/pycog/automata/tape.py...
Reading /home/ken/Projects/pycog/packages/pycog/backtrack.py...
Parsing file /home/ken/Projects/pycog/packages/pycog/backtrack.py...
Reading /home/ken/Projects/pycog/packages/pycog/exceptions.py...
Parsing file /home/ken/Projects/pycog/packages/pycog/exceptions.py...
Reading /home/ken/Projects/pycog/packages/pycog/graph/__init__.py...
Parsing file /home/ken/Projects/pycog/packages/pycog/graph/__init__.py...
Reading /home/ken/Projects/pycog/packages/pycog/state.py...
Parsing file /home/ken/Projects/pycog/packages/pycog/state.py...
Reading /home/ken/Projects/pycog/packages/pycog/statemachine.py...
Parsing file /home/ken/Projects/pycog/packages/pycog/statemachine.py...
Reading /home/ken/Projects/pycog/doc/main/graph/graph.md...
Reading /home/ken/Projects/pycog/doc/main/mainpage.md...
Building group list...
Building directory list...
Building namespace list...
Building file list...
Building class list...
Associating documentation with classes...
Computing nesting relations for classes...
Building example list...
Searching for enumerations...
Searching for documented typedefs...
Searching for members imported via using declarations...
Searching for included using directives...
Searching for documented variables...
Building member list...
Searching for friends...
Searching for documented defines...
Computing class inheritance relations...
Computing class usage relations...
Flushing cached template relations that have become invalid...
Creating members for template instances...
Computing class relations...
Add enum values to enums...
Searching for member function documentation...
Building page list...
Search for main page...
Computing page relations...
Determining the scope of groups...
Sorting lists...
Freeing entry tree
Determining which enums are documented
Computing member relations...
Building full member lists recursively...
Adding members to member groups.
Computing member references...
Inheriting documentation...
Generating disk names...
Adding source references...
Adding xrefitems...
Sorting member lists...
Computing dependencies between directories...
Generating citations page...
Counting data structures...
Resolving user defined references...
Finding anchors and sections in the documentation...
Combining using relations...
Adding members to index pages...
Generating style sheet...
Generating search indices...
Generating example documentation...
Generating file sources...
Generating file documentation...
Generating page documentation...
Generating docs for page graph-protocol...
Generating group documentation...
Generating class documentation...
Generating namespace index...
Generating docs for namespace a/home/ken/Projects/pycog/packages/pycog/automata/indexedtape.py:8: warning: Member __init__ (function) of class automata::indexedtape::IndexedTape is not documented.
/home/ken/Projects/pycog/packages/pycog/automata/indexedtape.py:11: warning: Member pos (variable) of class automata::indexedtape::IndexedTape is not documented.
/home/ken/Projects/pycog/packages/pycog/automata/indexedtape.py:12: warning: Member indexed (variable) of class automata::indexedtape::IndexedTape is not documented.
/home/ken/Projects/pycog/packages/pycog/backtrack.py:8: warning: Member _arrow (variable) of namespace backtrack is not documented.
/home/ken/Projects/pycog/packages/pycog/backtrack.py:22: warning: Member __init__ (function) of class backtrack::StateOccurrence is not documented.
/home/ken/Projects/pycog/packages/pycog/backtrack.py:26: warning: Member set_transitions (function) of class backtrack::StateOccurrence is not documented.
/home/ken/Projects/pycog/packages/pycog/backtrack.py:29: warning: Member remove_transition (function) of class backtrack::StateOccurrence is not documented.
/home/ken/Projects/pycog/packages/pycog/backtrack.py:23: warning: Member state_name (variable) of class backtrack::StateOccurrence is not documented.
/home/ken/Projects/pycog/packages/pycog/backtrack.py:24: warning: Member transitions (variable) of class backtrack::StateOccurrence is not documented.
/home/ken/Projects/pycog/packages/pycog/backtrack.py:37: warning: Member __init__ (function) of class backtrack::Track is not documented.
/home/ken/Projects/pycog/packages/pycog/backtrack.py:41: warning: Member append (function) of class backtrack::Track is not documented.
/home/ken/Projects/pycog/packages/pycog/backtrack.py:49: warning: Member last (function) of class backtrack::Track is not documented.
/home/ken/Projects/pycog/packages/pycog/backtrack.py:52: warning: Member __iter__ (function) of class backtrack::Track is not documented.
/home/ken/Projects/pycog/packages/pycog/backtrack.py:55: warning: Member __str__ (function) of class backtrack::Track is not documented.
/home/ken/Projects/pycog/packages/pycog/backtrack.py:38: warning: Member occurrences (variable) of class backtrack::Track is not documented.
/home/ken/Projects/pycog/packages/pycog/backtrack.py:39: warning: Member max_occ (variable) of class backtrack::Track is not documented.
/home/ken/Projects/pycog/packages/pycog/backtrack.py:66: warning: Member __init__ (function) of class backtrack::Backtracking is not documented.
/home/ken/Projects/pycog/packages/pycog/backtrack.py:67: warning: Member track (variable) of class backtrack::Backtracking is not documented.
/home/ken/Projects/pycog/packages/pycog/backtrack.py:93: warning: Member state_name (variable) of class backtrack::Backtracking is not documented.
/home/ken/Projects/pycog/packages/pycog/backtrack.py:139: warning: Member __init__ (function) of class backtrack::MinimalChange is not documented.
/home/ken/Projects/pycog/packages/pycog/backtrack.py:169: warning: Member in_coin_state (function) of class backtrack::MinimalChange is not documented.
/home/ken/Projects/pycog/packages/pycog/backtrack.py:176: warning: Member init (function) of class backtrack::MinimalChange is not documented.
/home/ken/Projects/pycog/packages/pycog/backtrack.py:184: warning: Member final (function) of class backtrack::MinimalChange is not documented.
/home/ken/Projects/pycog/packages/pycog/backtrack.py:201: warning: Member on_exhausted (function) of class backtrack::MinimalChange is not documented.
/home/ken/Projects/pycog/packages/pycog/statemachine.py:23: warning: Member __init__ (function) of class statemachine::StateMachine is not documented.
/home/ken/Projects/pycog/packages/pycog/statemachine.py:41: warning: Member on_enter_state (function) of class statemachine::StateMachine is not documented.
/home/ken/Projects/pycog/packages/pycog/statemachine.py:52: warning: Member on_exit_state (function) of class statemachine::StateMachine is not documented.
/home/ken/Projects/pycog/packages/pycog/statemachine.py:64: warning: Member add_state (function) of class statemachine::StateMachine is not documented.
/home/ken/Projects/pycog/packages/pycog/statemachine.py:67: warning: Member get_state_from_name (function) of class statemachine::StateMachine is not documented.
/home/ken/Projects/pycog/packages/pycog/statemachine.py:9: warning: Member __new__ (function) of class statemachine::MetaStateMachine is not documented.
/home/ken/Projects/pycog/packages/pycog/backtrack.py:66: warning: Member __init__ (function) of class backtrack::Backtracking is not documented.
/home/ken/Projects/pycog/packages/pycog/backtrack.py:142: warning: Member amount (variable) of class backtrack::MinimalChange is not documented.
/home/ken/Projects/pycog/packages/pycog/backtrack.py:153: warning: Member coins (variable) of class backtrack::MinimalChange is not documented.
/home/ken/Projects/pycog/packages/pycog/backtrack.py:172: warning: Member num_coins (variable) of class backtrack::MinimalChange is not documented.
/home/ken/Projects/pycog/packages/pycog/backtrack.py:177: warning: Member accumulated (variable) of class backtrack::MinimalChange is not documented.
/home/ken/Projects/pycog/packages/pycog/backtrack.py:178: warning: Member fewest (variable) of class backtrack::MinimalChange is not documented.
/home/ken/Projects/pycog/packages/pycog/backtrack.py:180: warning: Member first_run (variable) of class backtrack::MinimalChange is not documented.
/home/ken/Projects/pycog/packages/pycog/backtrack.py:181: warning: Member greedy (variable) of class backtrack::MinimalChange is not documented.
/home/ken/Projects/pycog/packages/pycog/statemachine.py:24: warning: Member state_name (variable) of class statemachine::StateMachine is not documented.
/home/ken/Projects/pycog/packages/pycog/backtrack.py:67: warning: Member track (variable) of class backtrack::Backtracking is not documented.
/home/ken/Projects/pycog/packages/pycog/backtrack.py:93: warning: Member state_name (variable) of class backtrack::Backtracking is not documented.
/home/ken/Projects/pycog/packages/pycog/state.py:9: warning: Member __init__ (function) of class state::State is not documented.
/home/ken/Projects/pycog/packages/pycog/state.py:32: warning: Member copy_transitions (function) of class state::State is not documented.
/home/ken/Projects/pycog/packages/pycog/state.py:38: warning: Member add_transition (function) of class state::State is not documented.
/home/ken/Projects/pycog/packages/pycog/state.py:10: warning: Member name (variable) of class state::State is not documented.
/home/ken/Projects/pycog/packages/pycog/state.py:11: warning: Member while_active (variable) of class state::State is not documented.
/home/ken/Projects/pycog/packages/pycog/state.py:14: warning: Member on_enter (variable) of class state::State is not documented.
/home/ken/Projects/pycog/packages/pycog/state.py:15: warning: Member on_exit (variable) of class state::State is not documented.
/home/ken/Projects/pycog/packages/pycog/state.py:43: warning: Member no_transition (variable) of class state::State is not documented.
/home/ken/Projects/pycog/packages/pycog/state.py:67: warning: Member __init__ (function) of class state::state is not documented.
/home/ken/Projects/pycog/packages/pycog/state.py:71: warning: Member __call__ (function) of class state::state is not documented.
/home/ken/Projects/pycog/packages/pycog/statemachine.py:239: warning: Member test (variable) of namespace statemachine is not documented.
/home/ken/Projects/pycog/packages/pycog/statemachine.py:9: warning: Member __new__ (function) of class statemachine::MetaStateMachine is not documented.
/home/ken/Projects/pycog/packages/pycog/statemachine.py:23: warning: Member __init__ (function) of class statemachine::StateMachine is not documented.
/home/ken/Projects/pycog/packages/pycog/statemachine.py:41: warning: Member on_enter_state (function) of class statemachine::StateMachine is not documented.
/home/ken/Projects/pycog/packages/pycog/statemachine.py:52: warning: Member on_exit_state (function) of class statemachine::StateMachine is not documented.
/home/ken/Projects/pycog/packages/pycog/statemachine.py:64: warning: Member add_state (function) of class statemachine::StateMachine is not documented.
/home/ken/Projects/pycog/packages/pycog/statemachine.py:67: warning: Member get_state_from_name (function) of class statemachine::StateMachine is not documented.
/home/ken/Projects/pycog/packages/pycog/statemachine.py:9: warning: Member __new__ (function) of class statemachine::MetaStateMachine is not documented.
/home/ken/Projects/pycog/packages/pycog/statemachine.py:24: warning: Member state_name (variable) of class statemachine::StateMachine is not documented.
/home/ken/Projects/pycog/packages/pycog/statemachine.py:155: warning: Member __init__ (function) of class statemachine::PsAndQs is not documented.
/home/ken/Projects/pycog/packages/pycog/statemachine.py:176: warning: Member p (function) of class statemachine::PsAndQs is not documented.
/home/ken/Projects/pycog/packages/pycog/statemachine.py:183: warning: Member p (function) of class statemachine::PsAndQs is not documented.
/home/ken/Projects/pycog/packages/pycog/statemachine.py:186: warning: Member p (function) of class statemachine::PsAndQs is not documented.
/home/ken/Projects/pycog/packages/pycog/statemachine.py:189: warning: Member p (function) of class statemachine::PsAndQs is not documented.
/home/ken/Projects/pycog/packages/pycog/statemachine.py:192: warning: Member p (function) of class statemachine::PsAndQs is not documented.
/home/ken/Projects/pycog/packages/pycog/statemachine.py:195: warning: Member p (function) of class statemachine::PsAndQs is not documented.
/home/ken/Projects/pycog/packages/pycog/statemachine.py:199: warning: Member q (function) of class statemachine::PsAndQs is not documented.
/home/ken/Projects/pycog/packages/pycog/statemachine.py:205: warning: Member q (function) of class statemachine::PsAndQs is not documented.
/home/ken/Projects/pycog/packages/pycog/statemachine.py:208: warning: Member q (function) of class statemachine::PsAndQs is not documented.
/home/ken/Projects/pycog/packages/pycog/statemachine.py:211: warning: Member q (function) of class statemachine::PsAndQs is not documented.
/home/ken/Projects/pycog/packages/pycog/statemachine.py:214: warning: Member q (function) of class statemachine::PsAndQs is not documented.
/home/ken/Projects/pycog/packages/pycog/statemachine.py:218: warning: Member final (function) of class statemachine::PsAndQs is not documented.
/home/ken/Projects/pycog/packages/pycog/statemachine.py:41: warning: Member on_enter_state (function) of class statemachine::StateMachine is not documented.
/home/ken/Projects/pycog/packages/pycog/statemachine.py:52: warning: Member on_exit_state (function) of class statemachine::StateMachine is not documented.
/home/ken/Projects/pycog/packages/pycog/statemachine.py:64: warning: Member add_state (function) of class statemachine::StateMachine is not documented.
/home/ken/Projects/pycog/packages/pycog/statemachine.py:67: warning: Member get_state_from_name (function) of class statemachine::StateMachine is not documented.
/home/ken/Projects/pycog/packages/pycog/statemachine.py:9: warning: Member __new__ (function) of class statemachine::MetaStateMachine is not documented.
/home/ken/Projects/pycog/packages/pycog/statemachine.py:159: warning: Member stream (variable) of class statemachine::PsAndQs is not documented.
/home/ken/Projects/pycog/packages/pycog/statemachine.py:161: warning: Member pos (variable) of class statemachine::PsAndQs is not documented.
/home/ken/Projects/pycog/packages/pycog/statemachine.py:184: warning: Member symbol (variable) of class statemachine::PsAndQs is not documented.
/home/ken/Projects/pycog/packages/pycog/statemachine.py:24: warning: Member state_name (variable) of class statemachine::StateMachine is not documented.
utomata::indexedtape
Generating docs for compound automata::indexedtape::IndexedTape...
Generating docs for namespace automata::tape
Generating docs for compound automata::tape::StartOfTape...
Generating docs for compound automata::tape::EndOfTape...
Generating docs for compound automata::tape::Tape...
Generating docs for namespace backtrack
Generating docs for compound backtrack::StateOccurrence...
Generating docs for compound backtrack::Track...
Generating docs for compound backtrack::Backtracking...
Generating docs for compound backtrack::MinimalChange...
Generating docs for namespace exceptions
Generating docs for compound exceptions::NotImplemented...
Generating docs for compound exceptions::Accept...
Generating docs for compound exceptions::Reject...
Generating docs for compound exceptions::Backtrack...
Generating docs for namespace state
Generating docs for compound state::State...
Generating docs for compound state::state...
Generating docs for namespace statemachine
Generating docs for compound statemachine::MetaStateMachine...
Generating docs for compound statemachine::StateMachine...
Generating docs for compound statemachine::PsAndQs...
Generating graph info page...
Generating directory documentation...
Generating dependency graph for directory pycog/automata/
Generating dependency graph for directory pycog/graph/
Generating dependency graph for directory pycog/
Generating index page...
Generating page index...
Generating module index...
Generating namespace index...
Generating namespace member index...
Generating annotated compound index...
Generating alphabetical compound index...
Generating hierarchical class index...
Generating graphical class hierarchy...
Generating member index...
Generating file index...
Generating file member index...
Generating example index...
finalizing index lists...
symbol cache used 109/65536 hits=3304 misses=109
lookup cache used 47/65536 hits=82 misses=50
finished...
